#
# There is insufficient memory for the Java Runtime Environment to continue.
# Native memory allocation (malloc) failed to allocate 65552 bytes for Chunk::new
# Possible reasons:
#   The system is out of physical RAM or swap space
#   In 32 bit mode, the process size limit was hit
# Possible solutions:
#   Reduce memory load on the system
#   Increase physical memory or swap space
#   Check if swap backing store is full
#   Use 64 bit Java on a 64 bit OS
#   Decrease Java heap size (-Xmx/-Xms)
#   Decrease number of Java threads
#   Decrease Java thread stack sizes (-Xss)
#   Set larger code cache with -XX:ReservedCodeCacheSize=
# This output file may be truncated or incomplete.
#
#  Out of Memory Error (allocation.cpp:390), pid=17860, tid=0x0000000000003b84
#
# JRE version: Java(TM) SE Runtime Environment (8.0_171-b11) (build 1.8.0_171-b11)
# Java VM: Java HotSpot(TM) 64-Bit Server VM (25.171-b11 mixed mode windows-amd64 compressed oops)
# Failed to write core dump. Minidumps are not enabled by default on client versions of Windows
#

---------------  T H R E A D  ---------------

Current thread (0x0000000017934800):  JavaThread "C2 CompilerThread0" daemon [_thread_in_native, id=15236, stack(0x0000000018000000,0x0000000018100000)]

Stack: [0x0000000018000000,0x0000000018100000]
[error occurred during error reporting (printing stack bounds), id 0xc0000005]

Native frames: (J=compiled Java code, j=interpreted, Vv=VM code, C=native code)


Current CompileTask:
C2:  48588 3312       4       com.sun.org.apache.xerces.internal.impl.XMLDocumentScannerImpl::setProperty (84 bytes)


---------------  P R O C E S S  ---------------

Java Threads: ( => current thread )
  0x00000000189aa800 JavaThread "IPC Parameter Sending Thread #0" daemon [_thread_blocked, id=18740, stack(0x0000000023970000,0x0000000023a70000)]
  0x00000000189a6000 JavaThread "IPC Client (1555690610) connection to /192.168.178.131:9000 from Brother-Yu" daemon [_thread_blocked, id=18412, stack(0x0000000023870000,0x0000000023970000)]
  0x00000000189a9800 JavaThread "Readahead Thread #3" daemon [_thread_blocked, id=13740, stack(0x000000001e070000,0x000000001e170000)]
  0x00000000189a9000 JavaThread "Readahead Thread #2" daemon [_thread_blocked, id=6368, stack(0x000000001df70000,0x000000001e070000)]
  0x0000000018afd000 JavaThread "LeaseRenewer:Brother-Yu@192.168.178.131:9000" daemon [_thread_blocked, id=1964, stack(0x000000001d070000,0x000000001d170000)]
  0x0000000018afb800 JavaThread "Readahead Thread #1" daemon [_thread_blocked, id=4964, stack(0x000000001ce70000,0x000000001cf70000)]
  0x0000000018af7800 JavaThread "Readahead Thread #0" daemon [_thread_blocked, id=15836, stack(0x000000001cd70000,0x000000001ce70000)]
  0x0000000017a5f800 JavaThread "org.apache.hadoop.hdfs.PeerCache@7363372a" daemon [_thread_blocked, id=18792, stack(0x000000001c470000,0x000000001c570000)]
  0x00000000179c8800 JavaThread "Service Thread" daemon [_thread_blocked, id=8544, stack(0x0000000018400000,0x0000000018500000)]
  0x0000000017947800 JavaThread "C1 CompilerThread3" daemon [_thread_blocked, id=17804, stack(0x0000000018300000,0x0000000018400000)]
  0x000000001793f800 JavaThread "C2 CompilerThread2" daemon [_thread_blocked, id=15240, stack(0x0000000018200000,0x0000000018300000)]
  0x000000001793a000 JavaThread "C2 CompilerThread1" daemon [_thread_blocked, id=17316, stack(0x0000000018100000,0x0000000018200000)]
=>0x0000000017934800 JavaThread "C2 CompilerThread0" daemon [_thread_in_native, id=15236, stack(0x0000000018000000,0x0000000018100000)]
  0x0000000017932000 JavaThread "Attach Listener" daemon [_thread_blocked, id=508, stack(0x0000000017f00000,0x0000000018000000)]
  0x0000000017931800 JavaThread "Signal Dispatcher" daemon [_thread_blocked, id=12008, stack(0x0000000017e00000,0x0000000017f00000)]
  0x00000000178c0800 JavaThread "Finalizer" daemon [_thread_blocked, id=9168, stack(0x0000000017ca0000,0x0000000017da0000)]
  0x0000000002e9c000 JavaThread "Reference Handler" daemon [_thread_blocked, id=8368, stack(0x00000000177a0000,0x00000000178a0000)]
  0x0000000002da5000 JavaThread "main" [_thread_in_native, id=6620, stack(0x0000000002ca0000,0x0000000002da0000)]

Other Threads:
  0x00000000159b9800 VMThread [stack: 0x00000000176a0000,0x00000000177a0000] [id=2248]
  0x00000000179f2800 WatcherThread [stack: 0x0000000018500000,0x0000000018600000] [id=16320]

VM state:not at safepoint (normal execution)

VM Mutex/Monitor currently owned by a thread: None

Heap:
 PSYoungGen      total 168960K, used 149447K [0x00000000eab00000, 0x00000000f5980000, 0x0000000100000000)
  eden space 159744K, 92% used [0x00000000eab00000,0x00000000f3b208f8,0x00000000f4700000)
  from space 9216K, 20% used [0x00000000f4700000,0x00000000f48d15a8,0x00000000f5000000)
  to   space 8704K, 0% used [0x00000000f5000000,0x00000000f5000000,0x00000000f5880000)
 ParOldGen       total 376320K, used 315916K [0x00000000c0000000, 0x00000000d6f80000, 0x00000000eab00000)
  object space 376320K, 83% used [0x00000000c0000000,0x00000000d3483118,0x00000000d6f80000)
 Metaspace       used 25163K, capacity 25508K, committed 25728K, reserved 1073152K
  class space    used 2800K, capacity 2922K, committed 2944K, reserved 1048576K

Card table byte_map: [0x0000000012260000,0x0000000012470000] byte_map_base: 0x0000000011c60000

Marking Bits: (ParMarkBitMap*) 0x0000000066bc08c0
 Begin Bits: [0x0000000012dd0000, 0x0000000013dd0000)
 End Bits:   [0x0000000013dd0000, 0x0000000014dd0000)

Polling page: 0x00000000028b0000

CodeCache: size=245760Kb used=9047Kb max_used=9051Kb free=236712Kb
 bounds [0x0000000002ea0000, 0x0000000003790000, 0x0000000011ea0000]
 total_blobs=3282 nmethods=2799 adapters=395
 compilation: enabled

Compilation events (10 events):
Event: 45.434 Thread 0x0000000017947800 nmethod 3308 0x0000000003783710 code [0x0000000003783880, 0x0000000003783ac8]
Event: 48.530 Thread 0x0000000017947800 3309       3       java.util.regex.Pattern$LastMatch::match (21 bytes)
Event: 48.530 Thread 0x0000000017947800 nmethod 3309 0x0000000003783250 code [0x00000000037833c0, 0x0000000003783628]
Event: 48.530 Thread 0x0000000017947800 3310       3       java.lang.Short::valueOf (7 bytes)
Event: 48.530 Thread 0x0000000017947800 nmethod 3310 0x0000000003787050 code [0x00000000037871c0, 0x00000000037873b8]
Event: 48.562 Thread 0x0000000017947800 3311       1       com.sun.org.apache.xerces.internal.impl.XMLErrorReporter::setDocumentLocator (6 bytes)
Event: 48.562 Thread 0x0000000017947800 nmethod 3311 0x0000000003782f90 code [0x00000000037830e0, 0x0000000003783210]
Event: 48.576 Thread 0x0000000017934800 3312       4       com.sun.org.apache.xerces.internal.impl.XMLDocumentScannerImpl::setProperty (84 bytes)
Event: 48.577 Thread 0x0000000017947800 3313       1       java.util.Hashtable::access$400 (5 bytes)
Event: 48.577 Thread 0x0000000017947800 nmethod 3313 0x0000000003786d90 code [0x0000000003786ee0, 0x0000000003786fd0]

GC Heap History (10 events):
Event: 14.499 GC heap before
{Heap before GC invocations=10 (full 1):
 PSYoungGen      total 112640K, used 105552K [0x00000000eab00000, 0x00000000f2d80000, 0x0000000100000000)
  eden space 103936K, 100% used [0x00000000eab00000,0x00000000f1080000,0x00000000f1080000)
  from space 8704K, 18% used [0x00000000f1980000,0x00000000f1b14010,0x00000000f2200000)
  to   space 9216K, 0% used [0x00000000f1080000,0x00000000f1080000,0x00000000f1980000)
 ParOldGen       total 356352K, used 313212K [0x00000000c0000000, 0x00000000d5c00000, 0x00000000eab00000)
  object space 356352K, 87% used [0x00000000c0000000,0x00000000d31df1c8,0x00000000d5c00000)
 Metaspace       used 24572K, capacity 24890K, committed 25216K, reserved 1071104K
  class space    used 2771K, capacity 2867K, committed 2944K, reserved 1048576K
Event: 14.504 GC heap after
Heap after GC invocations=10 (full 1):
 PSYoungGen      total 112640K, used 105552K [0x00000000eab00000, 0x00000000f2d80000, 0x0000000100000000)
  eden space 103936K, 100% used [0x00000000eab00000,0x00000000f1080000,0x00000000f1080000)
  from space 8704K, 18% used [0x00000000f1980000,0x00000000f1b14010,0x00000000f2200000)
  to   space 9216K, 10% used [0x00000000f1080000,0x00000000f1167b98,0x00000000f1980000)
 ParOldGen       total 356352K, used 314002K [0x00000000c0000000, 0x00000000d5c00000, 0x00000000eab00000)
  object space 356352K, 88% used [0x00000000c0000000,0x00000000d32a4a18,0x00000000d5c00000)
 Metaspace       used 24572K, capacity 24890K, committed 25216K, reserved 1071104K
  class space    used 2771K, capacity 2867K, committed 2944K, reserved 1048576K
}
Event: 14.504 GC heap before
{Heap before GC invocations=11 (full 2):
 PSYoungGen      total 112640K, used 105552K [0x00000000eab00000, 0x00000000f2d80000, 0x0000000100000000)
  eden space 103936K, 100% used [0x00000000eab00000,0x00000000f1080000,0x00000000f1080000)
  from space 8704K, 18% used [0x00000000f1980000,0x00000000f1b14010,0x00000000f2200000)
  to   space 9216K, 10% used [0x00000000f1080000,0x00000000f1167b98,0x00000000f1980000)
 ParOldGen       total 356352K, used 314002K [0x00000000c0000000, 0x00000000d5c00000, 0x00000000eab00000)
  object space 356352K, 88% used [0x00000000c0000000,0x00000000d32a4a18,0x00000000d5c00000)
 Metaspace       used 24572K, capacity 24890K, committed 25216K, reserved 1071104K
  class space    used 2771K, capacity 2867K, committed 2944K, reserved 1048576K
Event: 14.550 GC heap after
Heap after GC invocations=11 (full 2):
 PSYoungGen      total 112640K, used 0K [0x00000000eab00000, 0x00000000f2d80000, 0x0000000100000000)
  eden space 103936K, 0% used [0x00000000eab00000,0x00000000eab00000,0x00000000f1080000)
  from space 8704K, 0% used [0x00000000f1980000,0x00000000f1980000,0x00000000f2200000)
  to   space 9216K, 0% used [0x00000000f1080000,0x00000000f1080000,0x00000000f1980000)
 ParOldGen       total 170496K, used 110106K [0x00000000c0000000, 0x00000000ca680000, 0x00000000eab00000)
  object space 170496K, 64% used [0x00000000c0000000,0x00000000c6b86808,0x00000000ca680000)
 Metaspace       used 24572K, capacity 24890K, committed 25216K, reserved 1071104K
  class space    used 2771K, capacity 2867K, committed 2944K, reserved 1048576K
}
Event: 17.861 GC heap before
{Heap before GC invocations=12 (full 2):
 PSYoungGen      total 112640K, used 103936K [0x00000000eab00000, 0x00000000f2d80000, 0x0000000100000000)
  eden space 103936K, 100% used [0x00000000eab00000,0x00000000f1080000,0x00000000f1080000)
  from space 8704K, 0% used [0x00000000f1980000,0x00000000f1980000,0x00000000f2200000)
  to   space 9216K, 0% used [0x00000000f1080000,0x00000000f1080000,0x00000000f1980000)
 ParOldGen       total 376320K, used 314906K [0x00000000c0000000, 0x00000000d6f80000, 0x00000000eab00000)
  object space 376320K, 83% used [0x00000000c0000000,0x00000000d3386828,0x00000000d6f80000)
 Metaspace       used 24918K, capacity 25222K, committed 25472K, reserved 1071104K
  class space    used 2778K, capacity 2869K, committed 2944K, reserved 1048576K
Event: 17.866 GC heap after
Heap after GC invocations=12 (full 2):
 PSYoungGen      total 113152K, used 4206K [0x00000000eab00000, 0x00000000f5880000, 0x0000000100000000)
  eden space 103936K, 0% used [0x00000000eab00000,0x00000000eab00000,0x00000000f1080000)
  from space 9216K, 45% used [0x00000000f1080000,0x00000000f149b9b0,0x00000000f1980000)
  to   space 8704K, 0% used [0x00000000f5000000,0x00000000f5000000,0x00000000f5880000)
 ParOldGen       total 376320K, used 314914K [0x00000000c0000000, 0x00000000d6f80000, 0x00000000eab00000)
  object space 376320K, 83% used [0x00000000c0000000,0x00000000d3388828,0x00000000d6f80000)
 Metaspace       used 24918K, capacity 25222K, committed 25472K, reserved 1071104K
  class space    used 2778K, capacity 2869K, committed 2944K, reserved 1048576K
}
Event: 17.939 GC heap before
{Heap before GC invocations=13 (full 2):
 PSYoungGen      total 113152K, used 17401K [0x00000000eab00000, 0x00000000f5880000, 0x0000000100000000)
  eden space 103936K, 12% used [0x00000000eab00000,0x00000000eb7e2a68,0x00000000f1080000)
  from space 9216K, 45% used [0x00000000f1080000,0x00000000f149b9b0,0x00000000f1980000)
  to   space 8704K, 0% used [0x00000000f5000000,0x00000000f5000000,0x00000000f5880000)
 ParOldGen       total 376320K, used 314914K [0x00000000c0000000, 0x00000000d6f80000, 0x00000000eab00000)
  object space 376320K, 83% used [0x00000000c0000000,0x00000000d3388828,0x00000000d6f80000)
 Metaspace       used 24948K, capacity 25318K, committed 25728K, reserved 1073152K
  class space    used 2781K, capacity 2901K, committed 2944K, reserved 1048576K
Event: 17.942 GC heap after
Heap after GC invocations=13 (full 2):
 PSYoungGen      total 168448K, used 1472K [0x00000000eab00000, 0x00000000f5980000, 0x0000000100000000)
  eden space 159744K, 0% used [0x00000000eab00000,0x00000000eab00000,0x00000000f4700000)
  from space 8704K, 16% used [0x00000000f5000000,0x00000000f51703f0,0x00000000f5880000)
  to   space 9216K, 0% used [0x00000000f4700000,0x00000000f4700000,0x00000000f5000000)
 ParOldGen       total 376320K, used 314922K [0x00000000c0000000, 0x00000000d6f80000, 0x00000000eab00000)
  object space 376320K, 83% used [0x00000000c0000000,0x00000000d338a828,0x00000000d6f80000)
 Metaspace       used 24948K, capacity 25318K, committed 25728K, reserved 1073152K
  class space    used 2781K, capacity 2901K, committed 2944K, reserved 1048576K
}
Event: 19.247 GC heap before
{Heap before GC invocations=14 (full 2):
 PSYoungGen      total 168448K, used 150576K [0x00000000eab00000, 0x00000000f5980000, 0x0000000100000000)
  eden space 159744K, 93% used [0x00000000eab00000,0x00000000f3c9bc38,0x00000000f4700000)
  from space 8704K, 16% used [0x00000000f5000000,0x00000000f51703f0,0x00000000f5880000)
  to   space 9216K, 0% used [0x00000000f4700000,0x00000000f4700000,0x00000000f5000000)
 ParOldGen       total 376320K, used 314922K [0x00000000c0000000, 0x00000000d6f80000, 0x00000000eab00000)
  object space 376320K, 83% used [0x00000000c0000000,0x00000000d338a828,0x00000000d6f80000)
 Metaspace       used 25029K, capacity 25378K, committed 25728K, reserved 1073152K
  class space    used 2787K, capacity 2911K, committed 2944K, reserved 1048576K
Event: 19.251 GC heap after
Heap after GC invocations=14 (full 2):
 PSYoungGen      total 168960K, used 1861K [0x00000000eab00000, 0x00000000f5980000, 0x0000000100000000)
  eden space 159744K, 0% used [0x00000000eab00000,0x00000000eab00000,0x00000000f4700000)
  from space 9216K, 20% used [0x00000000f4700000,0x00000000f48d15a8,0x00000000f5000000)
  to   space 8704K, 0% used [0x00000000f5000000,0x00000000f5000000,0x00000000f5880000)
 ParOldGen       total 376320K, used 315916K [0x00000000c0000000, 0x00000000d6f80000, 0x00000000eab00000)
  object space 376320K, 83% used [0x00000000c0000000,0x00000000d3483118,0x00000000d6f80000)
 Metaspace       used 25029K, capacity 25378K, committed 25728K, reserved 1073152K
  class space    used 2787K, capacity 2911K, committed 2944K, reserved 1048576K
}

Deoptimization events (10 events):
Event: 11.215 Thread 0x0000000018afd000 Uncommon trap: reason=array_check action=maybe_recompile pc=0x0000000002fee304 method=java.util.LinkedList.toArray([Ljava/lang/Object;)[Ljava/lang/Object; @ 55
Event: 11.215 Thread 0x0000000018afd000 Uncommon trap: reason=array_check action=maybe_recompile pc=0x0000000002fee304 method=java.util.LinkedList.toArray([Ljava/lang/Object;)[Ljava/lang/Object; @ 55
Event: 11.215 Thread 0x0000000018afd000 Uncommon trap: reason=array_check action=maybe_recompile pc=0x0000000002fee304 method=java.util.LinkedList.toArray([Ljava/lang/Object;)[Ljava/lang/Object; @ 55
Event: 12.036 Thread 0x0000000018af9000 Uncommon trap: reason=bimorphic action=maybe_recompile pc=0x000000000325a264 method=java.io.DataOutputStream.writeShort(I)V @ 12
Event: 12.153 Thread 0x00000000189a3800 Uncommon trap: reason=bimorphic action=maybe_recompile pc=0x000000000325a264 method=java.io.DataOutputStream.writeShort(I)V @ 12
Event: 12.955 Thread 0x0000000002da5000 Uncommon trap: reason=unstable_if action=reinterpret pc=0x000000000313c180 method=java.net.URI.needsNormalization(Ljava/lang/String;)I @ 160
Event: 12.973 Thread 0x0000000002da5000 Uncommon trap: reason=unstable_if action=reinterpret pc=0x00000000034ae740 method=java.util.Hashtable$Enumerator.nextElement()Ljava/lang/Object; @ 87
Event: 13.348 Thread 0x00000000189a8000 Uncommon trap: reason=bimorphic action=maybe_recompile pc=0x000000000325a264 method=java.io.DataOutputStream.writeShort(I)V @ 12
Event: 14.396 Thread 0x0000000002da5000 Uncommon trap: reason=range_check action=make_not_entrant pc=0x0000000003551cf8 method=java.lang.String.charAt(I)C @ 27
Event: 19.489 Thread 0x00000000189a7800 Uncommon trap: reason=unstable_if action=reinterpret pc=0x000000000354c018 method=org.apache.log4j.spi.LoggingEvent.<init>(Ljava/lang/String;Lorg/apache/log4j/Category;Lorg/apache/log4j/Priority;Ljava/lang/Object;Ljava/lang/Throwable;)V @ 45

Classes redefined (0 events):
No events

Internal exceptions (10 events):
Event: 16.870 Thread 0x00000000189ac000 Exception <a 'java/lang/InterruptedException'> (0x00000000efe51448) thrown at [C:\re\workspace\8-2-build-windows-amd64-cygwin\jdk8u171\10807\hotspot\src\share\vm\runtime\objectMonitor.cpp, line 1684]
Event: 16.870 Thread 0x00000000189a6000 Exception <a 'java/lang/InterruptedException'> (0x00000000efea7e38) thrown at [C:\re\workspace\8-2-build-windows-amd64-cygwin\jdk8u171\10807\hotspot\src\share\vm\runtime\objectMonitor.cpp, line 1684]
Event: 18.048 Thread 0x00000000189ac000 Exception <a 'java/lang/InterruptedException': sleep interrupted> (0x00000000f1529670) thrown at [C:\re\workspace\8-2-build-windows-amd64-cygwin\jdk8u171\10807\hotspot\src\share\vm\prims\jvm.cpp, line 3273]
Event: 18.049 Thread 0x00000000189ab800 Exception <a 'java/lang/InterruptedException'> (0x00000000f173d638) thrown at [C:\re\workspace\8-2-build-windows-amd64-cygwin\jdk8u171\10807\hotspot\src\share\vm\runtime\objectMonitor.cpp, line 1684]
Event: 18.049 Thread 0x00000000189a8000 Exception <a 'java/lang/InterruptedException'> (0x00000000f16b8430) thrown at [C:\re\workspace\8-2-build-windows-amd64-cygwin\jdk8u171\10807\hotspot\src\share\vm\runtime\objectMonitor.cpp, line 1684]
Event: 18.938 Thread 0x00000000189a6800 Exception <a 'java/lang/InterruptedException'> (0x00000000f104a6c8) thrown at [C:\re\workspace\8-2-build-windows-amd64-cygwin\jdk8u171\10807\hotspot\src\share\vm\runtime\objectMonitor.cpp, line 1684]
Event: 19.345 Thread 0x00000000189a4800 Exception <a 'java/lang/InterruptedException': sleep interrupted> (0x00000000f147bbd0) thrown at [C:\re\workspace\8-2-build-windows-amd64-cygwin\jdk8u171\10807\hotspot\src\share\vm\prims\jvm.cpp, line 3273]
Event: 19.346 Thread 0x00000000189a8000 Exception <a 'java/lang/InterruptedException'> (0x00000000f1643a70) thrown at [C:\re\workspace\8-2-build-windows-amd64-cygwin\jdk8u171\10807\hotspot\src\share\vm\runtime\objectMonitor.cpp, line 1684]
Event: 19.346 Thread 0x00000000189ab800 Exception <a 'java/lang/InterruptedException'> (0x00000000f15d18b0) thrown at [C:\re\workspace\8-2-build-windows-amd64-cygwin\jdk8u171\10807\hotspot\src\share\vm\runtime\objectMonitor.cpp, line 1684]
Event: 19.489 Thread 0x00000000189a7800 Exception <a 'java/lang/OutOfMemoryError': unable to create new native thread> (0x00000000f1d885f8) thrown at [C:\re\workspace\8-2-build-windows-amd64-cygwin\jdk8u171\10807\hotspot\src\share\vm\prims\jvm.cpp, line 3078]

Events (10 events):
Event: 44.813 Thread 0x000000001793a000 flushing nmethod 0x000000000356fdd0
Event: 44.902 Thread 0x00000000189a3800 Thread added: 0x00000000189a3800
Event: 44.902 Thread 0x00000000189a3800 Thread exited: 0x00000000189a3800
Event: 44.915 Thread 0x00000000189a5000 Thread exited: 0x00000000189a5000
Event: 45.242 Executing VM operation: RevokeBias
Event: 45.242 Executing VM operation: RevokeBias done
Event: 45.243 Executing VM operation: RevokeBias
Event: 45.243 Executing VM operation: RevokeBias done
Event: 45.243 Executing VM operation: RevokeBias
Event: 45.243 Executing VM operation: RevokeBias done


Dynamic libraries:
0x00007ff674760000 - 0x00007ff674797000 	Q:\eclipse\java\jdk1.8.0\bin\javaw.exe
0x00007ffa055d0000 - 0x00007ffa057b1000 	C:\WINDOWS\SYSTEM32\ntdll.dll
0x00007ffa04800000 - 0x00007ffa048b2000 	C:\WINDOWS\System32\KERNEL32.DLL
0x00007ffa024c0000 - 0x00007ffa02733000 	C:\WINDOWS\System32\KERNELBASE.dll
0x00007ffa04070000 - 0x00007ffa04111000 	C:\WINDOWS\System32\ADVAPI32.dll
0x00007ffa03fd0000 - 0x00007ffa0406e000 	C:\WINDOWS\System32\msvcrt.dll
0x00007ffa04e70000 - 0x00007ffa04ecb000 	C:\WINDOWS\System32\sechost.dll
0x00007ffa02a60000 - 0x00007ffa02b84000 	C:\WINDOWS\System32\RPCRT4.dll
0x00007ffa050a0000 - 0x00007ffa05230000 	C:\WINDOWS\System32\USER32.dll
0x00007ffa01b90000 - 0x00007ffa01bb0000 	C:\WINDOWS\System32\win32u.dll
0x00007ffa04650000 - 0x00007ffa04678000 	C:\WINDOWS\System32\GDI32.dll
0x00007ffa02320000 - 0x00007ffa024b2000 	C:\WINDOWS\System32\gdi32full.dll
0x00007ffa019a0000 - 0x00007ffa01a3f000 	C:\WINDOWS\System32\msvcp_win.dll
0x00007ffa01a90000 - 0x00007ffa01b8a000 	C:\WINDOWS\System32\ucrtbase.dll
0x00007ff9f4be0000 - 0x00007ff9f4e49000 	C:\WINDOWS\WinSxS\amd64_microsoft.windows.common-controls_6595b64144ccf1df_6.0.17134.112_none_fb3f961b30681c12\COMCTL32.dll
0x00007ffa04120000 - 0x00007ffa04443000 	C:\WINDOWS\System32\combase.dll
0x00007ffa02740000 - 0x00007ffa027ba000 	C:\WINDOWS\System32\bcryptPrimitives.dll
0x00007ffa04620000 - 0x00007ffa0464d000 	C:\WINDOWS\System32\IMM32.DLL
0x00000000676a0000 - 0x0000000067772000 	Q:\eclipse\java\jdk1.8.0\jre\bin\msvcr100.dll
0x00000000663a0000 - 0x0000000066c40000 	Q:\eclipse\java\jdk1.8.0\jre\bin\server\jvm.dll
0x00007ffa048c0000 - 0x00007ffa048c8000 	C:\WINDOWS\System32\PSAPI.DLL
0x00007ff9e9a20000 - 0x00007ff9e9a29000 	C:\WINDOWS\SYSTEM32\WSOCK32.dll
0x00007ff9f9ee0000 - 0x00007ff9f9eea000 	C:\WINDOWS\SYSTEM32\VERSION.dll
0x00007ff9ff770000 - 0x00007ff9ff793000 	C:\WINDOWS\SYSTEM32\WINMM.dll
0x00007ffa04de0000 - 0x00007ffa04e4c000 	C:\WINDOWS\System32\WS2_32.dll
0x00007ff9ff320000 - 0x00007ff9ff34a000 	C:\WINDOWS\SYSTEM32\winmmbase.dll
0x00007ffa01a40000 - 0x00007ffa01a89000 	C:\WINDOWS\System32\cfgmgr32.dll
0x0000000067960000 - 0x000000006796f000 	Q:\eclipse\java\jdk1.8.0\jre\bin\verify.dll
0x0000000067930000 - 0x0000000067959000 	Q:\eclipse\java\jdk1.8.0\jre\bin\java.dll
0x0000000067910000 - 0x0000000067926000 	Q:\eclipse\java\jdk1.8.0\jre\bin\zip.dll
0x00007ffa02b90000 - 0x00007ffa03fd0000 	C:\WINDOWS\System32\SHELL32.dll
0x00007ffa048d0000 - 0x00007ffa04979000 	C:\WINDOWS\System32\shcore.dll
0x00007ffa01c10000 - 0x00007ffa0231d000 	C:\WINDOWS\System32\windows.storage.dll
0x00007ffa05540000 - 0x00007ffa05591000 	C:\WINDOWS\System32\shlwapi.dll
0x00007ffa01940000 - 0x00007ffa01951000 	C:\WINDOWS\System32\kernel.appcore.dll
0x00007ffa01960000 - 0x00007ffa0197f000 	C:\WINDOWS\System32\profapi.dll
0x00007ffa018f0000 - 0x00007ffa0193c000 	C:\WINDOWS\System32\powrprof.dll
0x00007ffa018e0000 - 0x00007ffa018ea000 	C:\WINDOWS\System32\FLTLIB.DLL
0x0000000067890000 - 0x000000006789d000 	Q:\eclipse\java\jdk1.8.0\jre\bin\management.dll
0x0000000067790000 - 0x0000000067799000 	Q:\eclipse\java\jdk1.8.0\jre\bin\w2k_lsa_auth.dll
0x00007ff9ece50000 - 0x00007ff9ece5c000 	C:\WINDOWS\SYSTEM32\Secur32.dll
0x00007ffa01810000 - 0x00007ffa01840000 	C:\WINDOWS\SYSTEM32\SSPICLI.DLL
0x00007ff9f3480000 - 0x00007ff9f3493000 	C:\Windows\System32\hadoop.dll
0x00007ffa00ad0000 - 0x00007ffa00b1b000 	C:\WINDOWS\SYSTEM32\AUTHZ.dll
0x00007ff9ecc30000 - 0x00007ff9ecc47000 	C:\WINDOWS\SYSTEM32\NETAPI32.dll
0x00007ff9fb7a0000 - 0x00007ff9fb7b8000 	C:\WINDOWS\SYSTEM32\SAMCLI.DLL
0x00007ffa00fe0000 - 0x00007ffa00fee000 	C:\WINDOWS\SYSTEM32\NETUTILS.DLL
0x0000000067780000 - 0x0000000067788000 	Q:\eclipse\java\jdk1.8.0\jre\bin\jaas_nt.dll
0x00000000678f0000 - 0x000000006790a000 	Q:\eclipse\java\jdk1.8.0\jre\bin\net.dll
0x00007ffa01160000 - 0x00007ffa011c6000 	C:\WINDOWS\system32\mswsock.dll
0x00007ffa01310000 - 0x00007ffa01327000 	C:\WINDOWS\SYSTEM32\CRYPTSP.dll
0x00007ffa00d40000 - 0x00007ffa00d73000 	C:\WINDOWS\system32\rsaenh.dll
0x00007ffa01440000 - 0x00007ffa01465000 	C:\WINDOWS\SYSTEM32\bcrypt.dll
0x00007ffa017e0000 - 0x00007ffa01808000 	C:\WINDOWS\SYSTEM32\USERENV.dll
0x00007ffa01330000 - 0x00007ffa0133b000 	C:\WINDOWS\SYSTEM32\CRYPTBASE.dll
0x00007ffa00ee0000 - 0x00007ffa00f18000 	C:\WINDOWS\SYSTEM32\IPHLPAPI.DLL
0x00007ffa04ed0000 - 0x00007ffa04ed8000 	C:\WINDOWS\System32\NSI.dll
0x00007ff9f5480000 - 0x00007ff9f5496000 	C:\WINDOWS\SYSTEM32\dhcpcsvc6.DLL
0x00007ff9f5400000 - 0x00007ff9f541a000 	C:\WINDOWS\SYSTEM32\dhcpcsvc.DLL
0x00000000678d0000 - 0x00000000678e1000 	Q:\eclipse\java\jdk1.8.0\jre\bin\nio.dll
0x00007ffa00f20000 - 0x00007ffa00fde000 	C:\WINDOWS\SYSTEM32\DNSAPI.dll
0x00007ff9f42d0000 - 0x00007ff9f42da000 	C:\Windows\System32\rasadhlp.dll
0x00007ff9ec510000 - 0x00007ff9ec526000 	C:\WINDOWS\system32\napinsp.dll
0x00007ff9ec4d0000 - 0x00007ff9ec4ea000 	C:\WINDOWS\system32\pnrpnsp.dll
0x00007ff9fdf40000 - 0x00007ff9fdf59000 	C:\WINDOWS\system32\NLAapi.dll
0x00007ff9ec3a0000 - 0x00007ff9ec3ae000 	C:\WINDOWS\System32\winrnr.dll
0x00007ff9fb1d0000 - 0x00007ff9fb1e5000 	C:\WINDOWS\System32\wshbth.dll
0x00007ff9f5530000 - 0x00007ff9f55a2000 	C:\WINDOWS\System32\fwpuclnt.dll
0x00007ffa009d0000 - 0x00007ffa00a01000 	C:\WINDOWS\SYSTEM32\ntmarta.dll
0x00000000678a0000 - 0x00000000678c4000 	Q:\eclipse\java\jdk1.8.0\jre\bin\sunec.dll

VM Arguments:
jvm_args: -Xmx1024m -Dfile.encoding=GBK 
java_command: Mining.Test
java_class_path (initial): Q:\eclipse\java\jdk1.8.0\jre\lib\resources.jar;Q:\eclipse\java\jdk1.8.0\jre\lib\rt.jar;Q:\eclipse\java\jdk1.8.0\jre\lib\jsse.jar;Q:\eclipse\java\jdk1.8.0\jre\lib\jce.jar;Q:\eclipse\java\jdk1.8.0\jre\lib\charsets.jar;Q:\eclipse\java\jdk1.8.0\jre\lib\jfr.jar;Q:\eclipse\java\jdk1.8.0\jre\lib\ext\access-bridge-64.jar;Q:\eclipse\java\jdk1.8.0\jre\lib\ext\cldrdata.jar;Q:\eclipse\java\jdk1.8.0\jre\lib\ext\dnsns.jar;Q:\eclipse\java\jdk1.8.0\jre\lib\ext\jaccess.jar;Q:\eclipse\java\jdk1.8.0\jre\lib\ext\jfxrt.jar;Q:\eclipse\java\jdk1.8.0\jre\lib\ext\localedata.jar;Q:\eclipse\java\jdk1.8.0\jre\lib\ext\nashorn.jar;Q:\eclipse\java\jdk1.8.0\jre\lib\ext\sunec.jar;Q:\eclipse\java\jdk1.8.0\jre\lib\ext\sunjce_provider.jar;Q:\eclipse\java\jdk1.8.0\jre\lib\ext\sunmscapi.jar;Q:\eclipse\java\jdk1.8.0\jre\lib\ext\sunpkcs11.jar;Q:\eclipse\java\jdk1.8.0\jre\lib\ext\zipfs.jar;Q:\eclipse\workplace\AprioriOnHadoop2\target\classes;C:\Users\Brother-Yu\.m2\repository\org\apache\hadoop\hadoop-client\2.5.2\hadoop-client-2.5.2.jar;C:\Users\Brother-Yu\.m2\repository\org\apache\hadoop\hadoop-common\2.5.2\hadoop-common-2.5.2.jar;C:\Users\Brother-Yu\.m2\repository\com\google\guava\guava\11.0.2\guava-11.0.2.jar;C:\Users\Brother-Yu\.m2\repository\commons-cli\commons-cli\1.2\commons-cli-1.2.jar;C:\Users\Brother-Yu\.m2\repository\org\apache\commons\commons-math3\3.1.1\commons-math3-3.1.1.jar;C:\Users\Brother-Yu\.m2\repository\xmlenc\xmlenc\0.52\xmlenc-0.52.jar;C:\Users\Brother-Yu\.m2\repository\commons-httpclient\commons-httpclient\3.1\commons-httpclient-3.1.jar;C:\Users\Brother-Yu\.m2\repository\commons-codec\commons-codec\1.4\commons-codec-1.4.jar;C:\Users\Brother-Yu\.m2\repository\commons-io\commons-io\2.4\commons-io-2.4.jar;C:\Users\Brother-Yu\.m2\repository\commons-net\commons-net\3.1\commons-net-3.1.jar;C:\Users\Brother-Yu\.m2\repository\commons-collections\commons-collections\3.2.1\commons-collections-3.2.1.jar;C:\Users\Brother-Yu\.m2\repository\commons-logging\commons-log
Launcher Type: SUN_STANDARD

Environment Variables:
JAVA_HOME=Q:\eclipse\java\jdk1.8.0
CLASSPATH=Q:\eclipse\java\jdk1.8.0\lib\dt.jar;Q:\eclipse\java\jdk1.8.0\lib\tools.jar;.;Q:\scala\bin;Q:\scala\lib\dt.jar;Q:\scala\lib\tools.jar.;
PATH=Q:/eclipse/java/jdk1.8.0/bin/../jre/bin/server;Q:/eclipse/java/jdk1.8.0/bin/../jre/bin;Q:/eclipse/java/jdk1.8.0/bin/../jre/lib/amd64;Q:\eclipse\java\jdk1.8.0\bin;C:\ProgramData\Oracle\Java\javapath;Q:\eclipse\java\jdk1.8.0\jre\bin;C:\WINDOWS\system32;C:\WINDOWS;C:\WINDOWS\System32\Wbem;C:\WINDOWS\System32\WindowsPowerShell\v1.0\;E:\Nodejs\;F:\Hadoop\hadoop-2.5.2\bin;Q:\Git\cmd;Q:\maven\apache-maven-3.5.3\bin;C:\Program Files\Microsoft\Web Platform Installer\;C:\Program Files (x86)\Microsoft ASP.NET\ASP.NET Web Pages\v1.0\;C:\Program Files (x86)\Windows Kits\8.0\Windows Performance Toolkit\;C:\Program Files\Microsoft SQL Server\110\Tools\Binn\;Q:\scala\bin;C:\WINDOWS\System32\OpenSSH\;F:\UltraEdit;Q:\vc++ 6.0\Tools\WinNT;Q:\vc++ 6.0\MSDev98\Bin;Q:\vc++ 6.0\Tools;Q:\Microsoft Visual Studio\VC98\bin;C:\Users\Brother-Yu\AppData\Local\Microsoft\WindowsApps;D:\bandzip\;C:\Users\Brother-Yu\AppData\Roaming\npm;Q:\SSH Secure Shell;;Q:\eclipse\eclipse;
USERNAME=Brother-Yu
OS=Windows_NT
PROCESSOR_IDENTIFIER=Intel64 Family 6 Model 158 Stepping 9, GenuineIntel



---------------  S Y S T E M  ---------------

OS: Windows 10.0 , 64 bit Build 17134 (10.0.17134.1)

CPU:total 8 (initial active 8) (4 cores per cpu, 2 threads per core) family 6 model 158 stepping 9, cmov, cx8, fxsr, mmx, sse, sse2, sse3, ssse3, sse4.1, sse4.2, popcnt, avx, avx2, aes, clmul, erms, 3dnowpref, lzcnt, ht, tsc, tscinvbit, bmi1, bmi2, adx

Memory: 4k page, physical 8275020k(429516k free), swap 18601912k(4120k free)

vm_info: Java HotSpot(TM) 64-Bit Server VM (25.171-b11) for windows-amd64 JRE (1.8.0_171-b11), built on Mar 28 2018 16:06:12 by "java_re" with MS VC++ 10.0 (VS2010)

time: Fri Jun 22 12:56:02 2018
elapsed time: 48 seconds (0d 0h 0m 48s)

