#
# There is insufficient memory for the Java Runtime Environment to continue.
# Native memory allocation (malloc) failed to allocate 784816 bytes for Chunk::new
# Possible reasons:
#   The system is out of physical RAM or swap space
#   In 32 bit mode, the process size limit was hit
# Possible solutions:
#   Reduce memory load on the system
#   Increase physical memory or swap space
#   Check if swap backing store is full
#   Use 64 bit Java on a 64 bit OS
#   Decrease Java heap size (-Xmx/-Xms)
#   Decrease number of Java threads
#   Decrease Java thread stack sizes (-Xss)
#   Set larger code cache with -XX:ReservedCodeCacheSize=
# This output file may be truncated or incomplete.
#
#  Out of Memory Error (allocation.cpp:390), pid=14632, tid=0x0000000000002cb8
#
# JRE version: Java(TM) SE Runtime Environment (8.0_171-b11) (build 1.8.0_171-b11)
# Java VM: Java HotSpot(TM) 64-Bit Server VM (25.171-b11 mixed mode windows-amd64 compressed oops)
# Failed to write core dump. Minidumps are not enabled by default on client versions of Windows
#

---------------  T H R E A D  ---------------

Current thread (0x00000000176ab000):  JavaThread "C2 CompilerThread2" daemon [_thread_in_native, id=11448, stack(0x0000000017f10000,0x0000000018010000)]

Stack: [0x0000000017f10000,0x0000000018010000]
[error occurred during error reporting (printing stack bounds), id 0xc0000005]

Native frames: (J=compiled Java code, j=interpreted, Vv=VM code, C=native code)


Current CompileTask:
C2: 305786 4301       4       java.net.URI$Parser::parse (265 bytes)


---------------  P R O C E S S  ---------------

Java Threads: ( => current thread )
  0x0000000018926000 JavaThread "localfetcher#5" daemon [_thread_in_native, id=12076, stack(0x0000000023b30000,0x0000000023c30000)]
  0x000000001891f000 JavaThread "EventFetcher for fetching Map Completion Events" daemon [_thread_blocked, id=11816, stack(0x0000000023a30000,0x0000000023b30000)]
  0x0000000018924800 JavaThread "OnDiskMerger - Thread to merge on-disk map-outputs" daemon [_thread_blocked, id=14076, stack(0x0000000023930000,0x0000000023a30000)]
  0x0000000018922800 JavaThread "InMemoryMerger - Thread to merge in-memory shuffled map-outputs" daemon [_thread_blocked, id=12052, stack(0x0000000023830000,0x0000000023930000)]
  0x0000000018925800 JavaThread "ShufflePenaltyReferee" daemon [_thread_blocked, id=11488, stack(0x0000000023730000,0x0000000023830000)]
  0x0000000018921000 JavaThread "communication thread" daemon [_thread_blocked, id=4704, stack(0x0000000023530000,0x0000000023630000)]
  0x0000000018923000 JavaThread "IPC Parameter Sending Thread #1" daemon [_thread_blocked, id=2280, stack(0x0000000023330000,0x0000000023430000)]
  0x0000000018920000 JavaThread "IPC Client (1555690610) connection to /192.168.178.131:9000 from Brother-Yu" daemon [_thread_blocked, id=10768, stack(0x0000000023230000,0x0000000023330000)]
  0x0000000018921800 JavaThread "Thread-60" [_thread_in_native, id=11144, stack(0x0000000022d30000,0x0000000022e30000)]
  0x0000000018f5c000 JavaThread "Readahead Thread #3" daemon [_thread_blocked, id=10320, stack(0x000000001c690000,0x000000001c790000)]
  0x00000000185f5800 JavaThread "Readahead Thread #2" daemon [_thread_blocked, id=15356, stack(0x000000001c590000,0x000000001c690000)]
  0x0000000019ad5000 JavaThread "Readahead Thread #1" daemon [_thread_blocked, id=2352, stack(0x000000001c490000,0x000000001c590000)]
  0x0000000018f97000 JavaThread "Readahead Thread #0" daemon [_thread_blocked, id=19120, stack(0x000000001c390000,0x000000001c490000)]
  0x0000000018dd1000 JavaThread "org.apache.hadoop.hdfs.PeerCache@6e6f0554" daemon [_thread_blocked, id=2920, stack(0x000000001c290000,0x000000001c390000)]
  0x000000001773d800 JavaThread "Service Thread" daemon [_thread_blocked, id=7060, stack(0x0000000018110000,0x0000000018210000)]
  0x00000000176b9000 JavaThread "C1 CompilerThread3" daemon [_thread_blocked, id=12184, stack(0x0000000018010000,0x0000000018110000)]
=>0x00000000176ab000 JavaThread "C2 CompilerThread2" daemon [_thread_in_native, id=11448, stack(0x0000000017f10000,0x0000000018010000)]
  0x00000000176a9000 JavaThread "C2 CompilerThread1" daemon [_thread_in_native, id=15048, stack(0x0000000017e10000,0x0000000017f10000)]
  0x000000001574b000 JavaThread "C2 CompilerThread0" daemon [_thread_in_native, id=16920, stack(0x0000000017d10000,0x0000000017e10000)]
  0x0000000017653800 JavaThread "Attach Listener" daemon [_thread_blocked, id=11580, stack(0x0000000017c10000,0x0000000017d10000)]
  0x00000000176a8800 JavaThread "Signal Dispatcher" daemon [_thread_blocked, id=8548, stack(0x0000000017b10000,0x0000000017c10000)]
  0x0000000017630800 JavaThread "Finalizer" daemon [_thread_blocked, id=2492, stack(0x0000000017a10000,0x0000000017b10000)]
  0x0000000002c1c000 JavaThread "Reference Handler" daemon [_thread_blocked, id=12428, stack(0x0000000017510000,0x0000000017610000)]
  0x0000000002b25000 JavaThread "main" [_thread_blocked, id=17544, stack(0x0000000002a00000,0x0000000002b00000)]

Other Threads:
  0x000000001573a000 VMThread [stack: 0x0000000017410000,0x0000000017510000] [id=9024]
  0x0000000017749000 WatcherThread [stack: 0x0000000018210000,0x0000000018310000] [id=8780]

VM state:not at safepoint (normal execution)

VM Mutex/Monitor currently owned by a thread: None

Heap:
 PSYoungGen      total 288256K, used 154577K [0x00000000eab00000, 0x0000000100000000, 0x0000000100000000)
  eden space 228352K, 67% used [0x00000000eab00000,0x00000000f41ac610,0x00000000f8a00000)
  from space 59904K, 0% used [0x00000000fc580000,0x00000000fc5c8000,0x0000000100000000)
  to   space 60416K, 0% used [0x00000000f8a00000,0x00000000f8a00000,0x00000000fc500000)
 ParOldGen       total 552448K, used 445656K [0x00000000c0000000, 0x00000000e1b80000, 0x00000000eab00000)
  object space 552448K, 80% used [0x00000000c0000000,0x00000000db336000,0x00000000e1b80000)
 Metaspace       used 25386K, capacity 25636K, committed 25984K, reserved 1073152K
  class space    used 2785K, capacity 2874K, committed 2944K, reserved 1048576K

Card table byte_map: [0x0000000011fe0000,0x00000000121f0000] byte_map_base: 0x00000000119e0000

Marking Bits: (ParMarkBitMap*) 0x0000000066bc08c0
 Begin Bits: [0x0000000012b50000, 0x0000000013b50000)
 End Bits:   [0x0000000013b50000, 0x0000000014b50000)

Polling page: 0x00000000025f0000

CodeCache: size=245760Kb used=10778Kb max_used=10797Kb free=234981Kb
 bounds [0x0000000002c20000, 0x00000000036c0000, 0x0000000011c20000]
 total_blobs=3737 nmethods=3253 adapters=396
 compilation: enabled

Compilation events (10 events):
Event: 305.626 Thread 0x00000000176b9000 4312       3       org.apache.hadoop.util.DiskChecker$DiskErrorException::<init> (6 bytes)
Event: 305.626 Thread 0x00000000176b9000 nmethod 4312 0x00000000036aded0 code [0x00000000036ae040, 0x00000000036ae288]
Event: 305.669 Thread 0x00000000176b9000 4314       3       org.apache.log4j.Category::log (38 bytes)
Event: 305.670 Thread 0x00000000176b9000 nmethod 4314 0x00000000036ae390 code [0x00000000036ae560, 0x00000000036aed98]
Event: 305.675 Thread 0x00000000176a9000 nmethod 4282 0x00000000036b3b50 code [0x00000000036b3d40, 0x00000000036b5ad8]
Event: 305.675 Thread 0x00000000176a9000 4313       4       org.apache.hadoop.fs.Path::hasWindowsDrive (25 bytes)
Event: 305.690 Thread 0x00000000176a9000 nmethod 4313 0x00000000036af8d0 code [0x00000000036afa60, 0x00000000036b0158]
Event: 305.690 Thread 0x00000000176a9000 4317       4       java.net.URI::appendSchemeSpecificPart (183 bytes)
Event: 305.693 Thread 0x000000001574b000 nmethod 4302 0x00000000036bb010 code [0x00000000036bb2c0, 0x00000000036bd360]
Event: 305.693 Thread 0x000000001574b000 4315       4       java.net.URI::<init> (78 bytes)

GC Heap History (10 events):
Event: 297.161 GC heap before
{Heap before GC invocations=148 (full 6):
 PSYoungGen      total 296960K, used 34214K [0x00000000eab00000, 0x0000000100000000, 0x0000000100000000)
  eden space 243712K, 0% used [0x00000000eab00000,0x00000000eab00000,0x00000000f9900000)
  from space 53248K, 64% used [0x00000000fcb00000,0x00000000fec699d8,0x00000000fff00000)
  to   space 51200K, 0% used [0x00000000f9900000,0x00000000f9900000,0x00000000fcb00000)
 ParOldGen       total 447488K, used 428786K [0x00000000c0000000, 0x00000000db500000, 0x00000000eab00000)
  object space 447488K, 95% used [0x00000000c0000000,0x00000000da2bca48,0x00000000db500000)
 Metaspace       used 25347K, capacity 25636K, committed 25984K, reserved 1073152K
  class space    used 2785K, capacity 2874K, committed 2944K, reserved 1048576K
Event: 300.897 GC heap after
Heap after GC invocations=148 (full 6):
 PSYoungGen      total 296960K, used 0K [0x00000000eab00000, 0x0000000100000000, 0x0000000100000000)
  eden space 243712K, 0% used [0x00000000eab00000,0x00000000eab00000,0x00000000f9900000)
  from space 53248K, 0% used [0x00000000fcb00000,0x00000000fcb00000,0x00000000fff00000)
  to   space 51200K, 0% used [0x00000000f9900000,0x00000000f9900000,0x00000000fcb00000)
 ParOldGen       total 552448K, used 445656K [0x00000000c0000000, 0x00000000e1b80000, 0x00000000eab00000)
  object space 552448K, 80% used [0x00000000c0000000,0x00000000db336000,0x00000000e1b80000)
 Metaspace       used 25347K, capacity 25636K, committed 25984K, reserved 1073152K
  class space    used 2785K, capacity 2874K, committed 2944K, reserved 1048576K
}
Event: 302.591 GC heap before
{Heap before GC invocations=149 (full 6):
 PSYoungGen      total 296960K, used 243712K [0x00000000eab00000, 0x0000000100000000, 0x0000000100000000)
  eden space 243712K, 100% used [0x00000000eab00000,0x00000000f9900000,0x00000000f9900000)
  from space 53248K, 0% used [0x00000000fcb00000,0x00000000fcb00000,0x00000000fff00000)
  to   space 51200K, 0% used [0x00000000f9900000,0x00000000f9900000,0x00000000fcb00000)
 ParOldGen       total 552448K, used 445656K [0x00000000c0000000, 0x00000000e1b80000, 0x00000000eab00000)
  object space 552448K, 80% used [0x00000000c0000000,0x00000000db336000,0x00000000e1b80000)
 Metaspace       used 25347K, capacity 25636K, committed 25984K, reserved 1073152K
  class space    used 2785K, capacity 2874K, committed 2944K, reserved 1048576K
Event: 302.593 GC heap after
Heap after GC invocations=149 (full 6):
 PSYoungGen      total 244224K, used 160K [0x00000000eab00000, 0x0000000100000000, 0x0000000100000000)
  eden space 243712K, 0% used [0x00000000eab00000,0x00000000eab00000,0x00000000f9900000)
  from space 512K, 31% used [0x00000000f9900000,0x00000000f9928000,0x00000000f9980000)
  to   space 55296K, 0% used [0x00000000fca00000,0x00000000fca00000,0x0000000100000000)
 ParOldGen       total 552448K, used 445656K [0x00000000c0000000, 0x00000000e1b80000, 0x00000000eab00000)
  object space 552448K, 80% used [0x00000000c0000000,0x00000000db336000,0x00000000e1b80000)
 Metaspace       used 25347K, capacity 25636K, committed 25984K, reserved 1073152K
  class space    used 2785K, capacity 2874K, committed 2944K, reserved 1048576K
}
Event: 304.156 GC heap before
{Heap before GC invocations=150 (full 6):
 PSYoungGen      total 244224K, used 243872K [0x00000000eab00000, 0x0000000100000000, 0x0000000100000000)
  eden space 243712K, 100% used [0x00000000eab00000,0x00000000f9900000,0x00000000f9900000)
  from space 512K, 31% used [0x00000000f9900000,0x00000000f9928000,0x00000000f9980000)
  to   space 55296K, 0% used [0x00000000fca00000,0x00000000fca00000,0x0000000100000000)
 ParOldGen       total 552448K, used 445656K [0x00000000c0000000, 0x00000000e1b80000, 0x00000000eab00000)
  object space 552448K, 80% used [0x00000000c0000000,0x00000000db336000,0x00000000e1b80000)
 Metaspace       used 25347K, capacity 25636K, committed 25984K, reserved 1073152K
  class space    used 2785K, capacity 2874K, committed 2944K, reserved 1048576K
Event: 304.159 GC heap after
Heap after GC invocations=150 (full 6):
 PSYoungGen      total 287744K, used 224K [0x00000000eab00000, 0x0000000100000000, 0x0000000100000000)
  eden space 232448K, 0% used [0x00000000eab00000,0x00000000eab00000,0x00000000f8e00000)
  from space 55296K, 0% used [0x00000000fca00000,0x00000000fca38000,0x0000000100000000)
  to   space 58368K, 0% used [0x00000000f8e00000,0x00000000f8e00000,0x00000000fc700000)
 ParOldGen       total 552448K, used 445656K [0x00000000c0000000, 0x00000000e1b80000, 0x00000000eab00000)
  object space 552448K, 80% used [0x00000000c0000000,0x00000000db336000,0x00000000e1b80000)
 Metaspace       used 25347K, capacity 25636K, committed 25984K, reserved 1073152K
  class space    used 2785K, capacity 2874K, committed 2944K, reserved 1048576K
}
Event: 305.403 GC heap before
{Heap before GC invocations=151 (full 6):
 PSYoungGen      total 287744K, used 219433K [0x00000000eab00000, 0x0000000100000000, 0x0000000100000000)
  eden space 232448K, 94% used [0x00000000eab00000,0x00000000f8112730,0x00000000f8e00000)
  from space 55296K, 0% used [0x00000000fca00000,0x00000000fca38000,0x0000000100000000)
  to   space 58368K, 0% used [0x00000000f8e00000,0x00000000f8e00000,0x00000000fc700000)
 ParOldGen       total 552448K, used 445656K [0x00000000c0000000, 0x00000000e1b80000, 0x00000000eab00000)
  object space 552448K, 80% used [0x00000000c0000000,0x00000000db336000,0x00000000e1b80000)
 Metaspace       used 25352K, capacity 25636K, committed 25984K, reserved 1073152K
  class space    used 2785K, capacity 2874K, committed 2944K, reserved 1048576K
Event: 305.411 GC heap after
Heap after GC invocations=151 (full 6):
 PSYoungGen      total 232960K, used 320K [0x00000000eab00000, 0x0000000100000000, 0x0000000100000000)
  eden space 232448K, 0% used [0x00000000eab00000,0x00000000eab00000,0x00000000f8e00000)
  from space 512K, 62% used [0x00000000f8e00000,0x00000000f8e50000,0x00000000f8e80000)
  to   space 59904K, 0% used [0x00000000fc580000,0x00000000fc580000,0x0000000100000000)
 ParOldGen       total 552448K, used 445656K [0x00000000c0000000, 0x00000000e1b80000, 0x00000000eab00000)
  object space 552448K, 80% used [0x00000000c0000000,0x00000000db336000,0x00000000e1b80000)
 Metaspace       used 25352K, capacity 25636K, committed 25984K, reserved 1073152K
  class space    used 2785K, capacity 2874K, committed 2944K, reserved 1048576K
}
Event: 305.429 GC heap before
{Heap before GC invocations=152 (full 6):
 PSYoungGen      total 232960K, used 137131K [0x00000000eab00000, 0x0000000100000000, 0x0000000100000000)
  eden space 232448K, 58% used [0x00000000eab00000,0x00000000f309afa0,0x00000000f8e00000)
  from space 512K, 62% used [0x00000000f8e00000,0x00000000f8e50000,0x00000000f8e80000)
  to   space 59904K, 0% used [0x00000000fc580000,0x00000000fc580000,0x0000000100000000)
 ParOldGen       total 552448K, used 445656K [0x00000000c0000000, 0x00000000e1b80000, 0x00000000eab00000)
  object space 552448K, 80% used [0x00000000c0000000,0x00000000db336000,0x00000000e1b80000)
 Metaspace       used 25352K, capacity 25636K, committed 25984K, reserved 1073152K
  class space    used 2785K, capacity 2874K, committed 2944K, reserved 1048576K
Event: 305.434 GC heap after
Heap after GC invocations=152 (full 6):
 PSYoungGen      total 288256K, used 288K [0x00000000eab00000, 0x0000000100000000, 0x0000000100000000)
  eden space 228352K, 0% used [0x00000000eab00000,0x00000000eab00000,0x00000000f8a00000)
  from space 59904K, 0% used [0x00000000fc580000,0x00000000fc5c8000,0x0000000100000000)
  to   space 60416K, 0% used [0x00000000f8a00000,0x00000000f8a00000,0x00000000fc500000)
 ParOldGen       total 552448K, used 445656K [0x00000000c0000000, 0x00000000e1b80000, 0x00000000eab00000)
  object space 552448K, 80% used [0x00000000c0000000,0x00000000db336000,0x00000000e1b80000)
 Metaspace       used 25352K, capacity 25636K, committed 25984K, reserved 1073152K
  class space    used 2785K, capacity 2874K, committed 2944K, reserved 1048576K
}

Deoptimization events (10 events):
Event: 122.063 Thread 0x0000000002b25000 Uncommon trap: reason=range_check action=make_not_entrant pc=0x0000000002dfc038 method=java.lang.String.charAt(I)C @ 27
Event: 122.087 Thread 0x0000000002b25000 Uncommon trap: reason=bimorphic action=maybe_recompile pc=0x00000000030bfd40 method=org.apache.hadoop.io.serializer.WritableSerialization$WritableSerializer.serialize(Lorg/apache/hadoop/io/Writable;)V @ 5
Event: 122.298 Thread 0x0000000018921800 Uncommon trap: reason=class_check action=maybe_recompile pc=0x0000000002e045c8 method=org.apache.hadoop.mapreduce.Mapper.run(Lorg/apache/hadoop/mapreduce/Mapper$Context;)V @ 2
Event: 122.348 Thread 0x0000000018921800 Uncommon trap: reason=unstable_if action=reinterpret pc=0x00000000033aced8 method=org.apache.hadoop.util.DataChecksum.update([BII)V @ 1
Event: 122.348 Thread 0x0000000018921800 Uncommon trap: reason=unstable_if action=reinterpret pc=0x0000000002ec40c0 method=org.apache.hadoop.util.DataChecksum.update([BII)V @ 1
Event: 122.412 Thread 0x0000000018925800 Uncommon trap: reason=speculate_class_check action=maybe_recompile pc=0x0000000002da7fcc method=org.apache.hadoop.mapreduce.Reducer.run(Lorg/apache/hadoop/mapreduce/Reducer$Context;)V @ 22
Event: 123.422 Thread 0x0000000002b25000 Uncommon trap: reason=bimorphic action=maybe_recompile pc=0x00000000030bfd40 method=org.apache.hadoop.io.serializer.WritableSerialization$WritableSerializer.serialize(Lorg/apache/hadoop/io/Writable;)V @ 5
Event: 123.602 Thread 0x0000000018924000 Uncommon trap: reason=class_check action=maybe_recompile pc=0x0000000002e045c8 method=org.apache.hadoop.mapreduce.Mapper.run(Lorg/apache/hadoop/mapreduce/Mapper$Context;)V @ 2
Event: 276.435 Thread 0x0000000018923000 Uncommon trap: reason=unstable_if action=reinterpret pc=0x00000000034c1f64 method=org.apache.hadoop.mapred.MapTask$MapOutputBuffer$InMemValBytes.reset([BII)V @ 25
Event: 305.471 Thread 0x0000000018921800 Uncommon trap: reason=unstable_if action=reinterpret pc=0x00000000032f1c90 method=org.apache.log4j.spi.LoggingEvent.<init>(Ljava/lang/String;Lorg/apache/log4j/Category;Lorg/apache/log4j/Priority;Ljava/lang/Object;Ljava/lang/Throwable;)V @ 45

Classes redefined (0 events):
No events

Internal exceptions (10 events):
Event: 92.665 Thread 0x0000000018922800 Exception <a 'java/lang/InterruptedException': sleep interrupted> (0x00000000f5e4cb88) thrown at [C:\re\workspace\8-2-build-windows-amd64-cygwin\jdk8u171\10807\hotspot\src\share\vm\prims\jvm.cpp, line 3273]
Event: 92.665 Thread 0x0000000018920000 Exception <a 'java/lang/InterruptedException'> (0x00000000f603f908) thrown at [C:\re\workspace\8-2-build-windows-amd64-cygwin\jdk8u171\10807\hotspot\src\share\vm\runtime\objectMonitor.cpp, line 1684]
Event: 92.665 Thread 0x0000000018921000 Exception <a 'java/lang/InterruptedException'> (0x00000000f61362f8) thrown at [C:\re\workspace\8-2-build-windows-amd64-cygwin\jdk8u171\10807\hotspot\src\share\vm\runtime\objectMonitor.cpp, line 1684]
Event: 121.873 Thread 0x0000000018924000 Exception <a 'java/lang/InterruptedException'> (0x00000000fbf6e688) thrown at [C:\re\workspace\8-2-build-windows-amd64-cygwin\jdk8u171\10807\hotspot\src\share\vm\runtime\objectMonitor.cpp, line 1684]
Event: 122.396 Thread 0x0000000018924000 Exception <a 'java/lang/InterruptedException': sleep interrupted> (0x00000000f2746278) thrown at [C:\re\workspace\8-2-build-windows-amd64-cygwin\jdk8u171\10807\hotspot\src\share\vm\prims\jvm.cpp, line 3273]
Event: 122.396 Thread 0x0000000018921800 Exception <a 'java/lang/InterruptedException'> (0x00000000f2a4b5a8) thrown at [C:\re\workspace\8-2-build-windows-amd64-cygwin\jdk8u171\10807\hotspot\src\share\vm\runtime\objectMonitor.cpp, line 1684]
Event: 122.397 Thread 0x0000000018922800 Exception <a 'java/lang/InterruptedException'> (0x00000000f2bc8290) thrown at [C:\re\workspace\8-2-build-windows-amd64-cygwin\jdk8u171\10807\hotspot\src\share\vm\runtime\objectMonitor.cpp, line 1684]
Event: 123.216 Thread 0x0000000018923000 Exception <a 'java/lang/InterruptedException'> (0x00000000eb5f3958) thrown at [C:\re\workspace\8-2-build-windows-amd64-cygwin\jdk8u171\10807\hotspot\src\share\vm\runtime\objectMonitor.cpp, line 1684]
Event: 305.383 Thread 0x0000000018926000 Exception <a 'java/lang/OutOfMemoryError'> (0x00000000efd53fd0) thrown at [C:\re\workspace\8-2-build-windows-amd64-cygwin\jdk8u171\10807\hotspot\src\share\vm\prims\jni.cpp, line 735]
Event: 305.428 Thread 0x0000000018926000 Exception <a 'java/lang/OutOfMemoryError'> (0x00000000f2e7b8c8) thrown at [C:\re\workspace\8-2-build-windows-amd64-cygwin\jdk8u171\10807\hotspot\src\share\vm\prims\jni.cpp, line 735]

Events (10 events):
Event: 305.411 Executing VM operation: ParallelGCFailedAllocation done
Event: 305.411 Executing VM operation: RevokeBias
Event: 305.426 Executing VM operation: RevokeBias done
Event: 305.429 Executing VM operation: ParallelGCFailedAllocation
Event: 305.434 Executing VM operation: ParallelGCFailedAllocation done
Event: 305.471 Thread 0x0000000018921800 Uncommon trap: trap_request=0xffffff65 fr.pc=0x00000000032f1c90
Event: 305.471 Thread 0x0000000018921800 DEOPT PACKING pc=0x00000000032f1c90 sp=0x0000000022e2f200
Event: 305.472 Thread 0x0000000018921800 DEOPT UNPACKING pc=0x0000000002c6583b sp=0x0000000022e2f100 mode 2
Event: 305.472 loading class org/apache/log4j/spi/ThrowableInformation
Event: 305.472 loading class org/apache/log4j/spi/ThrowableInformation done


Dynamic libraries:
0x00007ff664c80000 - 0x00007ff664cb7000 	Q:\eclipse\java\jdk1.8.0\bin\javaw.exe
0x00007ffa055d0000 - 0x00007ffa057b1000 	C:\WINDOWS\SYSTEM32\ntdll.dll
0x00007ffa04800000 - 0x00007ffa048b2000 	C:\WINDOWS\System32\KERNEL32.DLL
0x00007ffa024c0000 - 0x00007ffa02733000 	C:\WINDOWS\System32\KERNELBASE.dll
0x00007ffa04070000 - 0x00007ffa04111000 	C:\WINDOWS\System32\ADVAPI32.dll
0x00007ffa03fd0000 - 0x00007ffa0406e000 	C:\WINDOWS\System32\msvcrt.dll
0x00007ffa04e70000 - 0x00007ffa04ecb000 	C:\WINDOWS\System32\sechost.dll
0x00007ffa02a60000 - 0x00007ffa02b84000 	C:\WINDOWS\System32\RPCRT4.dll
0x00007ffa050a0000 - 0x00007ffa05230000 	C:\WINDOWS\System32\USER32.dll
0x00007ffa01b90000 - 0x00007ffa01bb0000 	C:\WINDOWS\System32\win32u.dll
0x00007ffa04650000 - 0x00007ffa04678000 	C:\WINDOWS\System32\GDI32.dll
0x00007ffa02320000 - 0x00007ffa024b2000 	C:\WINDOWS\System32\gdi32full.dll
0x00007ffa019a0000 - 0x00007ffa01a3f000 	C:\WINDOWS\System32\msvcp_win.dll
0x00007ffa01a90000 - 0x00007ffa01b8a000 	C:\WINDOWS\System32\ucrtbase.dll
0x00007ff9f4be0000 - 0x00007ff9f4e49000 	C:\WINDOWS\WinSxS\amd64_microsoft.windows.common-controls_6595b64144ccf1df_6.0.17134.112_none_fb3f961b30681c12\COMCTL32.dll
0x00007ffa04120000 - 0x00007ffa04443000 	C:\WINDOWS\System32\combase.dll
0x00007ffa02740000 - 0x00007ffa027ba000 	C:\WINDOWS\System32\bcryptPrimitives.dll
0x00007ffa04620000 - 0x00007ffa0464d000 	C:\WINDOWS\System32\IMM32.DLL
0x00000000676a0000 - 0x0000000067772000 	Q:\eclipse\java\jdk1.8.0\jre\bin\msvcr100.dll
0x00000000663a0000 - 0x0000000066c40000 	Q:\eclipse\java\jdk1.8.0\jre\bin\server\jvm.dll
0x00007ffa048c0000 - 0x00007ffa048c8000 	C:\WINDOWS\System32\PSAPI.DLL
0x00007ff9f9ee0000 - 0x00007ff9f9eea000 	C:\WINDOWS\SYSTEM32\VERSION.dll
0x00007ff9e9a20000 - 0x00007ff9e9a29000 	C:\WINDOWS\SYSTEM32\WSOCK32.dll
0x00007ff9ff770000 - 0x00007ff9ff793000 	C:\WINDOWS\SYSTEM32\WINMM.dll
0x00007ffa04de0000 - 0x00007ffa04e4c000 	C:\WINDOWS\System32\WS2_32.dll
0x00007ff9ff320000 - 0x00007ff9ff34a000 	C:\WINDOWS\SYSTEM32\WINMMBASE.dll
0x00007ffa01a40000 - 0x00007ffa01a89000 	C:\WINDOWS\System32\cfgmgr32.dll
0x0000000067960000 - 0x000000006796f000 	Q:\eclipse\java\jdk1.8.0\jre\bin\verify.dll
0x0000000067930000 - 0x0000000067959000 	Q:\eclipse\java\jdk1.8.0\jre\bin\java.dll
0x0000000067910000 - 0x0000000067926000 	Q:\eclipse\java\jdk1.8.0\jre\bin\zip.dll
0x00007ffa02b90000 - 0x00007ffa03fd0000 	C:\WINDOWS\System32\SHELL32.dll
0x00007ffa048d0000 - 0x00007ffa04979000 	C:\WINDOWS\System32\shcore.dll
0x00007ffa01c10000 - 0x00007ffa0231d000 	C:\WINDOWS\System32\windows.storage.dll
0x00007ffa05540000 - 0x00007ffa05591000 	C:\WINDOWS\System32\shlwapi.dll
0x00007ffa01940000 - 0x00007ffa01951000 	C:\WINDOWS\System32\kernel.appcore.dll
0x00007ffa01960000 - 0x00007ffa0197f000 	C:\WINDOWS\System32\profapi.dll
0x00007ffa018f0000 - 0x00007ffa0193c000 	C:\WINDOWS\System32\powrprof.dll
0x00007ffa018e0000 - 0x00007ffa018ea000 	C:\WINDOWS\System32\FLTLIB.DLL
0x0000000067890000 - 0x000000006789d000 	Q:\eclipse\java\jdk1.8.0\jre\bin\management.dll
0x0000000067880000 - 0x0000000067889000 	Q:\eclipse\java\jdk1.8.0\jre\bin\w2k_lsa_auth.dll
0x00007ff9ece50000 - 0x00007ff9ece5c000 	C:\WINDOWS\SYSTEM32\Secur32.dll
0x00007ffa01810000 - 0x00007ffa01840000 	C:\WINDOWS\SYSTEM32\SSPICLI.DLL
0x00007ff9f3480000 - 0x00007ff9f3493000 	C:\Windows\System32\hadoop.dll
0x00007ffa00ad0000 - 0x00007ffa00b1b000 	C:\WINDOWS\SYSTEM32\AUTHZ.dll
0x00007ff9ecc30000 - 0x00007ff9ecc47000 	C:\WINDOWS\SYSTEM32\NETAPI32.dll
0x00007ff9fb7a0000 - 0x00007ff9fb7b8000 	C:\WINDOWS\SYSTEM32\SAMCLI.DLL
0x00007ffa00fe0000 - 0x00007ffa00fee000 	C:\WINDOWS\SYSTEM32\NETUTILS.DLL
0x0000000067790000 - 0x0000000067798000 	Q:\eclipse\java\jdk1.8.0\jre\bin\jaas_nt.dll
0x00000000678f0000 - 0x000000006790a000 	Q:\eclipse\java\jdk1.8.0\jre\bin\net.dll
0x00007ffa01160000 - 0x00007ffa011c6000 	C:\WINDOWS\system32\mswsock.dll
0x00007ffa01310000 - 0x00007ffa01327000 	C:\WINDOWS\SYSTEM32\CRYPTSP.dll
0x00007ffa00d40000 - 0x00007ffa00d73000 	C:\WINDOWS\system32\rsaenh.dll
0x00007ffa01440000 - 0x00007ffa01465000 	C:\WINDOWS\SYSTEM32\bcrypt.dll
0x00007ffa017e0000 - 0x00007ffa01808000 	C:\WINDOWS\SYSTEM32\USERENV.dll
0x00007ffa01330000 - 0x00007ffa0133b000 	C:\WINDOWS\SYSTEM32\CRYPTBASE.dll
0x00007ffa00ee0000 - 0x00007ffa00f18000 	C:\WINDOWS\SYSTEM32\IPHLPAPI.DLL
0x00007ffa04ed0000 - 0x00007ffa04ed8000 	C:\WINDOWS\System32\NSI.dll
0x00007ff9f5480000 - 0x00007ff9f5496000 	C:\WINDOWS\SYSTEM32\dhcpcsvc6.DLL
0x00007ff9f5400000 - 0x00007ff9f541a000 	C:\WINDOWS\SYSTEM32\dhcpcsvc.DLL
0x00000000678d0000 - 0x00000000678e1000 	Q:\eclipse\java\jdk1.8.0\jre\bin\nio.dll
0x00007ffa00f20000 - 0x00007ffa00fde000 	C:\WINDOWS\SYSTEM32\DNSAPI.dll
0x00007ff9f42d0000 - 0x00007ff9f42da000 	C:\Windows\System32\rasadhlp.dll
0x00007ff9ec510000 - 0x00007ff9ec526000 	C:\WINDOWS\system32\napinsp.dll
0x00007ff9ec4d0000 - 0x00007ff9ec4ea000 	C:\WINDOWS\system32\pnrpnsp.dll
0x00007ff9fdf40000 - 0x00007ff9fdf59000 	C:\WINDOWS\system32\NLAapi.dll
0x00007ff9ec3a0000 - 0x00007ff9ec3ae000 	C:\WINDOWS\System32\winrnr.dll
0x00007ff9fb1d0000 - 0x00007ff9fb1e5000 	C:\WINDOWS\System32\wshbth.dll
0x00007ff9f5530000 - 0x00007ff9f55a2000 	C:\WINDOWS\System32\fwpuclnt.dll
0x00007ffa009d0000 - 0x00007ffa00a01000 	C:\WINDOWS\SYSTEM32\ntmarta.dll
0x00000000678a0000 - 0x00000000678c4000 	Q:\eclipse\java\jdk1.8.0\jre\bin\sunec.dll

VM Arguments:
jvm_args: -Xmx1024m -Dfile.encoding=GBK 
java_command: Mining.Test
java_class_path (initial): Q:\eclipse\java\jdk1.8.0\jre\lib\resources.jar;Q:\eclipse\java\jdk1.8.0\jre\lib\rt.jar;Q:\eclipse\java\jdk1.8.0\jre\lib\jsse.jar;Q:\eclipse\java\jdk1.8.0\jre\lib\jce.jar;Q:\eclipse\java\jdk1.8.0\jre\lib\charsets.jar;Q:\eclipse\java\jdk1.8.0\jre\lib\jfr.jar;Q:\eclipse\java\jdk1.8.0\jre\lib\ext\access-bridge-64.jar;Q:\eclipse\java\jdk1.8.0\jre\lib\ext\cldrdata.jar;Q:\eclipse\java\jdk1.8.0\jre\lib\ext\dnsns.jar;Q:\eclipse\java\jdk1.8.0\jre\lib\ext\jaccess.jar;Q:\eclipse\java\jdk1.8.0\jre\lib\ext\jfxrt.jar;Q:\eclipse\java\jdk1.8.0\jre\lib\ext\localedata.jar;Q:\eclipse\java\jdk1.8.0\jre\lib\ext\nashorn.jar;Q:\eclipse\java\jdk1.8.0\jre\lib\ext\sunec.jar;Q:\eclipse\java\jdk1.8.0\jre\lib\ext\sunjce_provider.jar;Q:\eclipse\java\jdk1.8.0\jre\lib\ext\sunmscapi.jar;Q:\eclipse\java\jdk1.8.0\jre\lib\ext\sunpkcs11.jar;Q:\eclipse\java\jdk1.8.0\jre\lib\ext\zipfs.jar;Q:\eclipse\workplace\AprioriOnHadoop2\target\classes;C:\Users\Brother-Yu\.m2\repository\org\apache\hadoop\hadoop-client\2.5.2\hadoop-client-2.5.2.jar;C:\Users\Brother-Yu\.m2\repository\org\apache\hadoop\hadoop-common\2.5.2\hadoop-common-2.5.2.jar;C:\Users\Brother-Yu\.m2\repository\com\google\guava\guava\11.0.2\guava-11.0.2.jar;C:\Users\Brother-Yu\.m2\repository\commons-cli\commons-cli\1.2\commons-cli-1.2.jar;C:\Users\Brother-Yu\.m2\repository\org\apache\commons\commons-math3\3.1.1\commons-math3-3.1.1.jar;C:\Users\Brother-Yu\.m2\repository\xmlenc\xmlenc\0.52\xmlenc-0.52.jar;C:\Users\Brother-Yu\.m2\repository\commons-httpclient\commons-httpclient\3.1\commons-httpclient-3.1.jar;C:\Users\Brother-Yu\.m2\repository\commons-codec\commons-codec\1.4\commons-codec-1.4.jar;C:\Users\Brother-Yu\.m2\repository\commons-io\commons-io\2.4\commons-io-2.4.jar;C:\Users\Brother-Yu\.m2\repository\commons-net\commons-net\3.1\commons-net-3.1.jar;C:\Users\Brother-Yu\.m2\repository\commons-collections\commons-collections\3.2.1\commons-collections-3.2.1.jar;C:\Users\Brother-Yu\.m2\repository\commons-logging\commons-log
Launcher Type: SUN_STANDARD

Environment Variables:
JAVA_HOME=Q:\eclipse\java\jdk1.8.0
CLASSPATH=Q:\eclipse\java\jdk1.8.0\lib\dt.jar;Q:\eclipse\java\jdk1.8.0\lib\tools.jar;.;Q:\scala\bin;Q:\scala\lib\dt.jar;Q:\scala\lib\tools.jar.;
PATH=Q:/eclipse/java/jdk1.8.0/bin/../jre/bin/server;Q:/eclipse/java/jdk1.8.0/bin/../jre/bin;Q:/eclipse/java/jdk1.8.0/bin/../jre/lib/amd64;Q:\eclipse\java\jdk1.8.0\bin;C:\ProgramData\Oracle\Java\javapath;Q:\eclipse\java\jdk1.8.0\jre\bin;C:\WINDOWS\system32;C:\WINDOWS;C:\WINDOWS\System32\Wbem;C:\WINDOWS\System32\WindowsPowerShell\v1.0\;E:\Nodejs\;F:\Hadoop\hadoop-2.5.2\bin;Q:\Git\cmd;Q:\maven\apache-maven-3.5.3\bin;C:\Program Files\Microsoft\Web Platform Installer\;C:\Program Files (x86)\Microsoft ASP.NET\ASP.NET Web Pages\v1.0\;C:\Program Files (x86)\Windows Kits\8.0\Windows Performance Toolkit\;C:\Program Files\Microsoft SQL Server\110\Tools\Binn\;Q:\scala\bin;C:\WINDOWS\System32\OpenSSH\;F:\UltraEdit;Q:\vc++ 6.0\Tools\WinNT;Q:\vc++ 6.0\MSDev98\Bin;Q:\vc++ 6.0\Tools;Q:\Microsoft Visual Studio\VC98\bin;C:\Users\Brother-Yu\AppData\Local\Microsoft\WindowsApps;D:\bandzip\;C:\Users\Brother-Yu\AppData\Roaming\npm;Q:\SSH Secure Shell;;Q:\eclipse\eclipse;
USERNAME=Brother-Yu
OS=Windows_NT
PROCESSOR_IDENTIFIER=Intel64 Family 6 Model 158 Stepping 9, GenuineIntel



---------------  S Y S T E M  ---------------

OS: Windows 10.0 , 64 bit Build 17134 (10.0.17134.1)

CPU:total 8 (initial active 8) (4 cores per cpu, 2 threads per core) family 6 model 158 stepping 9, cmov, cx8, fxsr, mmx, sse, sse2, sse3, ssse3, sse4.1, sse4.2, popcnt, avx, avx2, aes, clmul, erms, 3dnowpref, lzcnt, ht, tsc, tscinvbit, bmi1, bmi2, adx

Memory: 4k page, physical 8275020k(430872k free), swap 18601912k(4180k free)

vm_info: Java HotSpot(TM) 64-Bit Server VM (25.171-b11) for windows-amd64 JRE (1.8.0_171-b11), built on Mar 28 2018 16:06:12 by "java_re" with MS VC++ 10.0 (VS2010)

time: Fri Jun 22 20:34:32 2018
elapsed time: 305 seconds (0d 0h 5m 5s)

